0    [AWT-EventQueue-0] INFO  ca.sqlpower.architect.ArchitectUtils  - Log4J configured successfully
341  [AWT-EventQueue-0] INFO  ca.sqlpower.sql.PlDotIni  - Beginning to read/merge new pl.ini data
405  [AWT-EventQueue-0] INFO  ca.sqlpower.sql.PlDotIni  - Finished reading file.
405  [AWT-EventQueue-0] INFO  ca.sqlpower.sql.PlDotIni  - Beginning to read/merge new pl.ini data
436  [AWT-EventQueue-0] INFO  ca.sqlpower.sql.PlDotIni  - Finished reading file.
3947 [Thread-5] ERROR ca.sqlpower.architect.swingui.action.CheckForUpdateAction  - Fail to retrieve current version number!
0    [AWT-EventQueue-0] INFO  ca.sqlpower.architect.ArchitectUtils  - Log4J configured successfully
357  [AWT-EventQueue-0] INFO  ca.sqlpower.sql.PlDotIni  - Beginning to read/merge new pl.ini data
420  [AWT-EventQueue-0] INFO  ca.sqlpower.sql.PlDotIni  - Finished reading file.
420  [AWT-EventQueue-0] INFO  ca.sqlpower.sql.PlDotIni  - Beginning to read/merge new pl.ini data
452  [AWT-EventQueue-0] INFO  ca.sqlpower.sql.PlDotIni  - Finished reading file.
4192 [Thread-5] ERROR ca.sqlpower.architect.swingui.action.CheckForUpdateAction  - Fail to retrieve current version number!
137493 [AWT-EventQueue-0] INFO  ca.sqlpower.architect.ddl.GenericDDLGenerator  - endStatement: 
CREATE TABLE regioes (
                id_regiao INTEGER NOT NULL,
                nome VARCHAR(25) NOT NULL,
                CONSTRAINT id_regiao PRIMARY KEY (id_regiao)
)
137493 [AWT-EventQueue-0] INFO  ca.sqlpower.architect.ddl.GenericDDLGenerator  - endStatement: 
COMMENT ON TABLE regioes IS 'Tabela que contém todas as informações das regiões.'
137494 [AWT-EventQueue-0] INFO  ca.sqlpower.architect.ddl.GenericDDLGenerator  - endStatement: 
COMMENT ON COLUMN regioes.id_regiao IS 'Chave primária de identificação das regiões.'
137494 [AWT-EventQueue-0] INFO  ca.sqlpower.architect.ddl.GenericDDLGenerator  - endStatement: 
COMMENT ON COLUMN regioes.nome IS 'Nome das regiões.'
137494 [AWT-EventQueue-0] INFO  ca.sqlpower.architect.ddl.GenericDDLGenerator  - endStatement: 


CREATE TABLE paises (
                id_pais CHAR(2) NOT NULL,
                nome VARCHAR(50) NOT NULL,
                id_regiao INTEGER,
                CONSTRAINT id_pais PRIMARY KEY (id_pais)
)
137494 [AWT-EventQueue-0] INFO  ca.sqlpower.architect.ddl.GenericDDLGenerator  - endStatement: 
COMMENT ON TABLE paises IS 'Tabela que contém as informações sobre os países.'
137494 [AWT-EventQueue-0] INFO  ca.sqlpower.architect.ddl.GenericDDLGenerator  - endStatement: 
COMMENT ON COLUMN paises.id_pais IS 'Chave primária de identificação dos países.'
137494 [AWT-EventQueue-0] INFO  ca.sqlpower.architect.ddl.GenericDDLGenerator  - endStatement: 
COMMENT ON COLUMN paises.nome IS 'Chave única para indicar o nome do país.'
137495 [AWT-EventQueue-0] INFO  ca.sqlpower.architect.ddl.GenericDDLGenerator  - endStatement: 
COMMENT ON COLUMN paises.id_regiao IS 'Chave primária de identificação das regiões.'
137495 [AWT-EventQueue-0] INFO  ca.sqlpower.architect.ddl.GenericDDLGenerator  - endStatement: 


CREATE UNIQUE INDEX paises_idx
 ON paises
 ( nome )
137495 [AWT-EventQueue-0] INFO  ca.sqlpower.architect.ddl.GenericDDLGenerator  - endStatement: 

CREATE TABLE localizacoes (
                id_localizacao INTEGER NOT NULL,
                endereco VARCHAR(50),
                cep VARCHAR(12),
                cidade VARCHAR(50),
                uf VARCHAR(25),
                id_pais CHAR(2),
                CONSTRAINT id_localizacao PRIMARY KEY (id_localizacao)
)
137495 [AWT-EventQueue-0] INFO  ca.sqlpower.architect.ddl.GenericDDLGenerator  - endStatement: 
COMMENT ON TABLE localizacoes IS 'Tabela que contém as informações sobre as localizações dos departamentos.'
137495 [AWT-EventQueue-0] INFO  ca.sqlpower.architect.ddl.GenericDDLGenerator  - endStatement: 
COMMENT ON COLUMN localizacoes.id_localizacao IS 'Chave primária para indicar a localização.'
137495 [AWT-EventQueue-0] INFO  ca.sqlpower.architect.ddl.GenericDDLGenerator  - endStatement: 
COMMENT ON COLUMN localizacoes.endereco IS 'Coluna que indica o endereço(logadouro e número) do local da empresa.'
137496 [AWT-EventQueue-0] INFO  ca.sqlpower.architect.ddl.GenericDDLGenerator  - endStatement: 
COMMENT ON COLUMN localizacoes.cep IS 'CEP do local da empresa.'
137496 [AWT-EventQueue-0] INFO  ca.sqlpower.architect.ddl.GenericDDLGenerator  - endStatement: 
COMMENT ON COLUMN localizacoes.cidade IS 'Cidade do local da empresa.'
137496 [AWT-EventQueue-0] INFO  ca.sqlpower.architect.ddl.GenericDDLGenerator  - endStatement: 
COMMENT ON COLUMN localizacoes.uf IS 'Estado (unidade federal) do local da empresa.'
137496 [AWT-EventQueue-0] INFO  ca.sqlpower.architect.ddl.GenericDDLGenerator  - endStatement: 
COMMENT ON COLUMN localizacoes.id_pais IS 'Chave estrangeira que indica o país que está o local da empresa.'
137496 [AWT-EventQueue-0] INFO  ca.sqlpower.architect.ddl.GenericDDLGenerator  - endStatement: 


CREATE TABLE cargos (
                id_cargo VARCHAR(10) NOT NULL,
                cargo VARCHAR(35) NOT NULL,
                salario_minimo NUMERIC(8,2),
                salario_maximo NUMERIC(8,2),
                CONSTRAINT id_cargo PRIMARY KEY (id_cargo)
)
137497 [AWT-EventQueue-0] INFO  ca.sqlpower.architect.ddl.GenericDDLGenerator  - endStatement: 
COMMENT ON TABLE cargos IS 'Tabela que contém as informações dos cargos (salário mínimo e máximo).'
137497 [AWT-EventQueue-0] INFO  ca.sqlpower.architect.ddl.GenericDDLGenerator  - endStatement: 
COMMENT ON COLUMN cargos.id_cargo IS 'Chave primária de identificação dos cargos.'
137497 [AWT-EventQueue-0] INFO  ca.sqlpower.architect.ddl.GenericDDLGenerator  - endStatement: 
COMMENT ON COLUMN cargos.cargo IS 'Nome do cargo.'
137497 [AWT-EventQueue-0] INFO  ca.sqlpower.architect.ddl.GenericDDLGenerator  - endStatement: 
COMMENT ON COLUMN cargos.salario_minimo IS 'Salário mínimo do cargo.'
137497 [AWT-EventQueue-0] INFO  ca.sqlpower.architect.ddl.GenericDDLGenerator  - endStatement: 
COMMENT ON COLUMN cargos.salario_maximo IS 'Salário máximo do cargo.'
137497 [AWT-EventQueue-0] INFO  ca.sqlpower.architect.ddl.GenericDDLGenerator  - endStatement: 


CREATE UNIQUE INDEX cargos_idx
 ON cargos
 ( cargo )
137497 [AWT-EventQueue-0] INFO  ca.sqlpower.architect.ddl.GenericDDLGenerator  - endStatement: 

CREATE TABLE empregados (
                id_empregado INTEGER NOT NULL,
                nome VARCHAR(75) NOT NULL,
                email VARCHAR(35) NOT NULL,
                telefone VARCHAR(20),
                data_contratacao DATE NOT NULL,
                id_cargo VARCHAR(10) NOT NULL,
                salario NUMERIC(8,2),
                comissao NUMERIC(4,2),
                id_departamento INTEGER,
                id_supervisor INTEGER,
                CONSTRAINT id_empregado PRIMARY KEY (id_empregado)
)
137498 [AWT-EventQueue-0] INFO  ca.sqlpower.architect.ddl.GenericDDLGenerator  - endStatement: 
COMMENT ON TABLE empregados IS 'Tabela que contém todas as informações dos empregados.'
137498 [AWT-EventQueue-0] INFO  ca.sqlpower.architect.ddl.GenericDDLGenerator  - endStatement: 
COMMENT ON COLUMN empregados.id_empregado IS 'Chave primária de identificação dos empregados.'
137498 [AWT-EventQueue-0] INFO  ca.sqlpower.architect.ddl.GenericDDLGenerator  - endStatement: 
COMMENT ON COLUMN empregados.nome IS 'Nome do empregado.'
137498 [AWT-EventQueue-0] INFO  ca.sqlpower.architect.ddl.GenericDDLGenerator  - endStatement: 
COMMENT ON COLUMN empregados.email IS 'Endereço de email do empregado.'
137498 [AWT-EventQueue-0] INFO  ca.sqlpower.architect.ddl.GenericDDLGenerator  - endStatement: 
COMMENT ON COLUMN empregados.telefone IS 'Telefone do empregado.'
137498 [AWT-EventQueue-0] INFO  ca.sqlpower.architect.ddl.GenericDDLGenerator  - endStatement: 
COMMENT ON COLUMN empregados.data_contratacao IS 'Data de contratação do empregado.'
137498 [AWT-EventQueue-0] INFO  ca.sqlpower.architect.ddl.GenericDDLGenerator  - endStatement: 
COMMENT ON COLUMN empregados.id_cargo IS 'Chave estrangeira que indica o cargo atual do empregado.'
137499 [AWT-EventQueue-0] INFO  ca.sqlpower.architect.ddl.GenericDDLGenerator  - endStatement: 
COMMENT ON COLUMN empregados.salario IS 'Salário mensal do empregado.'
137499 [AWT-EventQueue-0] INFO  ca.sqlpower.architect.ddl.GenericDDLGenerator  - endStatement: 
COMMENT ON COLUMN empregados.comissao IS 'Comissão em porcentagem do empregado (nem todos os setores possuem comissão).'
137499 [AWT-EventQueue-0] INFO  ca.sqlpower.architect.ddl.GenericDDLGenerator  - endStatement: 
COMMENT ON COLUMN empregados.id_departamento IS 'Chave estrangeira que indica o departamento do empregado.'
137499 [AWT-EventQueue-0] INFO  ca.sqlpower.architect.ddl.GenericDDLGenerator  - endStatement: 
COMMENT ON COLUMN empregados.id_supervisor IS 'Chave estrangeira para a própria tabela que indica o supervisor (que também é um empregado).'
137499 [AWT-EventQueue-0] INFO  ca.sqlpower.architect.ddl.GenericDDLGenerator  - endStatement: 


CREATE UNIQUE INDEX email
 ON empregados
 ( email )
137500 [AWT-EventQueue-0] INFO  ca.sqlpower.architect.ddl.GenericDDLGenerator  - endStatement: 

CREATE TABLE departamentos (
                id_departamento INTEGER NOT NULL,
                nome VARCHAR(50),
                id_localizacao INTEGER,
                id_gerente INTEGER,
                CONSTRAINT id_departamento PRIMARY KEY (id_departamento)
)
137500 [AWT-EventQueue-0] INFO  ca.sqlpower.architect.ddl.GenericDDLGenerator  - endStatement: 
COMMENT ON TABLE departamentos IS 'Tabela que contém as informações de cada departamento da empresa.'
137500 [AWT-EventQueue-0] INFO  ca.sqlpower.architect.ddl.GenericDDLGenerator  - endStatement: 
COMMENT ON COLUMN departamentos.id_departamento IS 'Chave primária de identificação dos departamentos.'
137500 [AWT-EventQueue-0] INFO  ca.sqlpower.architect.ddl.GenericDDLGenerator  - endStatement: 
COMMENT ON COLUMN departamentos.nome IS 'Nome do departamento.'
137500 [AWT-EventQueue-0] INFO  ca.sqlpower.architect.ddl.GenericDDLGenerator  - endStatement: 
COMMENT ON COLUMN departamentos.id_localizacao IS 'Chave estrangeira que indica a localização do departamento.'
137500 [AWT-EventQueue-0] INFO  ca.sqlpower.architect.ddl.GenericDDLGenerator  - endStatement: 
COMMENT ON COLUMN departamentos.id_gerente IS 'Chave estrangeira para a identificação do gerente do departamento.'
137501 [AWT-EventQueue-0] INFO  ca.sqlpower.architect.ddl.GenericDDLGenerator  - endStatement: 


CREATE UNIQUE INDEX departamentos_idx
 ON departamentos
 ( nome )
137501 [AWT-EventQueue-0] INFO  ca.sqlpower.architect.ddl.GenericDDLGenerator  - endStatement: 

CREATE TABLE historico_cargos (
                id_empregado INTEGER NOT NULL,
                data_inicial DATE NOT NULL,
                data_final DATE NOT NULL,
                id_cargo VARCHAR(10) NOT NULL,
                id_departamento_1 INTEGER,
                CONSTRAINT id_empregado__data_inicial PRIMARY KEY (id_empregado, data_inicial)
)
137501 [AWT-EventQueue-0] INFO  ca.sqlpower.architect.ddl.GenericDDLGenerator  - endStatement: 
COMMENT ON TABLE historico_cargos IS 'Tabela que contém a informação sobre o histórico de cargos dos empregados entre os departamentos.'
137501 [AWT-EventQueue-0] INFO  ca.sqlpower.architect.ddl.GenericDDLGenerator  - endStatement: 
COMMENT ON COLUMN historico_cargos.id_empregado IS 'Chave primária estrangeira que indica o histórico do cargo dos empregados.'
137501 [AWT-EventQueue-0] INFO  ca.sqlpower.architect.ddl.GenericDDLGenerator  - endStatement: 
COMMENT ON COLUMN historico_cargos.data_inicial IS 'Chave primária que indica a data de início do cargo.'
137501 [AWT-EventQueue-0] INFO  ca.sqlpower.architect.ddl.GenericDDLGenerator  - endStatement: 
COMMENT ON COLUMN historico_cargos.data_final IS 'Data de finalização do cargo.'
137502 [AWT-EventQueue-0] INFO  ca.sqlpower.architect.ddl.GenericDDLGenerator  - endStatement: 
COMMENT ON COLUMN historico_cargos.id_cargo IS 'Chave estrangeira que indica o cargo que foi alterado.'
137502 [AWT-EventQueue-0] INFO  ca.sqlpower.architect.ddl.GenericDDLGenerator  - endStatement: 
COMMENT ON COLUMN historico_cargos.id_departamento_1 IS 'Chave estrangeira para a identificação do departamento.'
137502 [AWT-EventQueue-0] INFO  ca.sqlpower.architect.ddl.GenericDDLGenerator  - endStatement: 


ALTER TABLE paises ADD CONSTRAINT regioes_paises_fk
FOREIGN KEY (id_regiao)
REFERENCES regioes (id_regiao)
ON DELETE NO ACTION
ON UPDATE NO ACTION
NOT DEFERRABLE
137502 [AWT-EventQueue-0] INFO  ca.sqlpower.architect.ddl.GenericDDLGenerator  - endStatement: 

ALTER TABLE localizacoes ADD CONSTRAINT paises_localizacoes_fk
FOREIGN KEY (id_pais)
REFERENCES paises (id_pais)
ON DELETE NO ACTION
ON UPDATE NO ACTION
NOT DEFERRABLE
137502 [AWT-EventQueue-0] INFO  ca.sqlpower.architect.ddl.GenericDDLGenerator  - endStatement: 

ALTER TABLE departamentos ADD CONSTRAINT localizacoes_departamentos_fk
FOREIGN KEY (id_localizacao)
REFERENCES localizacoes (id_localizacao)
ON DELETE NO ACTION
ON UPDATE NO ACTION
NOT DEFERRABLE
137502 [AWT-EventQueue-0] INFO  ca.sqlpower.architect.ddl.GenericDDLGenerator  - endStatement: 

ALTER TABLE empregados ADD CONSTRAINT cargos_empregados_fk
FOREIGN KEY (id_cargo)
REFERENCES cargos (id_cargo)
ON DELETE NO ACTION
ON UPDATE NO ACTION
NOT DEFERRABLE
137503 [AWT-EventQueue-0] INFO  ca.sqlpower.architect.ddl.GenericDDLGenerator  - endStatement: 

ALTER TABLE historico_cargos ADD CONSTRAINT cargos_historico_cargos_fk
FOREIGN KEY (id_cargo)
REFERENCES cargos (id_cargo)
ON DELETE NO ACTION
ON UPDATE NO ACTION
NOT DEFERRABLE
137503 [AWT-EventQueue-0] INFO  ca.sqlpower.architect.ddl.GenericDDLGenerator  - endStatement: 

ALTER TABLE empregados ADD CONSTRAINT empregados_empregados_fk
FOREIGN KEY (id_supervisor)
REFERENCES empregados (id_empregado)
ON DELETE NO ACTION
ON UPDATE NO ACTION
NOT DEFERRABLE
137503 [AWT-EventQueue-0] INFO  ca.sqlpower.architect.ddl.GenericDDLGenerator  - endStatement: 

ALTER TABLE departamentos ADD CONSTRAINT empregados_departamentos_fk
FOREIGN KEY (id_gerente)
REFERENCES empregados (id_empregado)
ON DELETE NO ACTION
ON UPDATE NO ACTION
NOT DEFERRABLE
137503 [AWT-EventQueue-0] INFO  ca.sqlpower.architect.ddl.GenericDDLGenerator  - endStatement: 

ALTER TABLE historico_cargos ADD CONSTRAINT empregados_historico_cargos_fk
FOREIGN KEY (id_empregado)
REFERENCES empregados (id_empregado)
ON DELETE NO ACTION
ON UPDATE NO ACTION
NOT DEFERRABLE
137503 [AWT-EventQueue-0] INFO  ca.sqlpower.architect.ddl.GenericDDLGenerator  - endStatement: 

ALTER TABLE empregados ADD CONSTRAINT departamentos_empregados_fk
FOREIGN KEY (id_departamento)
REFERENCES departamentos (id_departamento)
ON DELETE NO ACTION
ON UPDATE NO ACTION
NOT DEFERRABLE
137504 [AWT-EventQueue-0] INFO  ca.sqlpower.architect.ddl.GenericDDLGenerator  - endStatement: 

ALTER TABLE historico_cargos ADD CONSTRAINT departamentos_historico_cargos_fk
FOREIGN KEY (id_departamento_1)
REFERENCES departamentos (id_departamento)
ON DELETE NO ACTION
ON UPDATE NO ACTION
NOT DEFERRABLE
139071 [AWT-EventQueue-0] INFO  ca.sqlpower.architect.swingui.SQLScriptDialog  - The list size is :62
